  Compiling CUDA source file kernel.cu...
  
  D:\Ricardo\OneDrive\Documentos\GitHub\FisioPacerGPU\FisioPacerGPU>"D:\Programas\CudaToolkit\dev\bin\nvcc.exe" -gencode=arch=compute_52,code=\"sm_52,compute_52\" --use-local-env -ccbin "D:\Programas\visual studio\ide\VC\Tools\MSVC\14.34.31933\bin\HostX64\x64" -x cu   -ID:\Programas\CudaToolkit\dev\include -ID:\Programas\CudaToolkit\dev\include     --keep-dir x64\Release  -maxrregcount=0  --machine 64 --compile -cudart static    -DWIN32 -DWIN64 -DNDEBUG -D_CONSOLE -D_MBCS -Xcompiler "/EHsc /W3 /nologo /O2 /FS   /MD " -Xcompiler "/Fdx64\Release\vc143.pdb" -o D:\Ricardo\OneDrive\Documentos\GitHub\FisioPacerGPU\FisioPacerGPU\x64\Release\kernel.cu.obj "D:\Ricardo\OneDrive\Documentos\GitHub\FisioPacerGPU\FisioPacerGPU\kernel.cu" 
D:\Ricardo\OneDrive\Documentos\GitHub\FisioPacerGPU\FisioPacerGPU\DataStructures.h(300): warning #174-D: expression has no effect
  
  Remark: The warnings can be suppressed with "-diag-suppress <warning-number>"
  
D:\Ricardo\OneDrive\Documentos\GitHub\FisioPacerGPU\FisioPacerGPU\kernel.cu(118): warning #177-D: variable "nThreads" was declared but never referenced
  
  Remark: The warnings can be suppressed with "-diag-suppress <warning-number>"
  
  kernel.cu
  tmpxft_00002a24_00000000-7_kernel.cudafe1.cpp
  main.cpp
  WriteOutput.cpp
D:\Ricardo\OneDrive\Documentos\GitHub\FisioPacerGPU\FisioPacerGPU\WriteOutput.cpp(39,5): warning C4996: 'sprintf': This function or variable may be unsafe. Consider using sprintf_s instead. To disable deprecation, use _CRT_SECURE_NO_WARNINGS. See online help for details.
D:\Ricardo\OneDrive\Documentos\GitHub\FisioPacerGPU\FisioPacerGPU\WriteOutput.cpp(40,18): warning C4996: 'fopen': This function or variable may be unsafe. Consider using fopen_s instead. To disable deprecation, use _CRT_SECURE_NO_WARNINGS. See online help for details.
D:\Ricardo\OneDrive\Documentos\GitHub\FisioPacerGPU\FisioPacerGPU\WriteOutput.cpp(111,16): warning C4244: '=': conversão de 'double' para 'float', possível perda de dados
D:\Ricardo\OneDrive\Documentos\GitHub\FisioPacerGPU\FisioPacerGPU\WriteOutput.cpp(61,5): warning C4996: 'sprintf': This function or variable may be unsafe. Consider using sprintf_s instead. To disable deprecation, use _CRT_SECURE_NO_WARNINGS. See online help for details.
D:\Ricardo\OneDrive\Documentos\GitHub\FisioPacerGPU\FisioPacerGPU\WriteOutput.cpp(64,18): warning C4996: 'fopen': This function or variable may be unsafe. Consider using fopen_s instead. To disable deprecation, use _CRT_SECURE_NO_WARNINGS. See online help for details.
D:\Ricardo\OneDrive\Documentos\GitHub\FisioPacerGPU\FisioPacerGPU\WriteOutput.cpp(151,5): warning C4996: 'sprintf': This function or variable may be unsafe. Consider using sprintf_s instead. To disable deprecation, use _CRT_SECURE_NO_WARNINGS. See online help for details.
D:\Ricardo\OneDrive\Documentos\GitHub\FisioPacerGPU\FisioPacerGPU\WriteOutput.cpp(152,18): warning C4996: 'fopen': This function or variable may be unsafe. Consider using fopen_s instead. To disable deprecation, use _CRT_SECURE_NO_WARNINGS. See online help for details.
D:\Ricardo\OneDrive\Documentos\GitHub\FisioPacerGPU\FisioPacerGPU\WriteOutput.cpp(193,5): warning C4996: 'sprintf': This function or variable may be unsafe. Consider using sprintf_s instead. To disable deprecation, use _CRT_SECURE_NO_WARNINGS. See online help for details.
D:\Ricardo\OneDrive\Documentos\GitHub\FisioPacerGPU\FisioPacerGPU\WriteOutput.cpp(195,18): warning C4996: 'fopen': This function or variable may be unsafe. Consider using fopen_s instead. To disable deprecation, use _CRT_SECURE_NO_WARNINGS. See online help for details.
D:\Ricardo\OneDrive\Documentos\GitHub\FisioPacerGPU\FisioPacerGPU\WriteOutput.cpp(360,28): warning C4244: '=': conversão de 'double' para 'float', possível perda de dados
D:\Ricardo\OneDrive\Documentos\GitHub\FisioPacerGPU\FisioPacerGPU\WriteOutput.cpp(273,5): warning C4996: 'sprintf': This function or variable may be unsafe. Consider using sprintf_s instead. To disable deprecation, use _CRT_SECURE_NO_WARNINGS. See online help for details.
D:\Ricardo\OneDrive\Documentos\GitHub\FisioPacerGPU\FisioPacerGPU\WriteOutput.cpp(275,18): warning C4996: 'fopen': This function or variable may be unsafe. Consider using fopen_s instead. To disable deprecation, use _CRT_SECURE_NO_WARNINGS. See online help for details.
D:\Ricardo\OneDrive\Documentos\GitHub\FisioPacerGPU\FisioPacerGPU\WriteOutput.cpp(502,21): warning C4244: '=': conversão de 'double' para 'float', possível perda de dados
D:\Ricardo\OneDrive\Documentos\GitHub\FisioPacerGPU\FisioPacerGPU\WriteOutput.cpp(503,45): warning C4244: '=': conversão de 'double' para 'float', possível perda de dados
D:\Ricardo\OneDrive\Documentos\GitHub\FisioPacerGPU\FisioPacerGPU\WriteOutput.cpp(447,5): warning C4996: 'sprintf': This function or variable may be unsafe. Consider using sprintf_s instead. To disable deprecation, use _CRT_SECURE_NO_WARNINGS. See online help for details.
D:\Ricardo\OneDrive\Documentos\GitHub\FisioPacerGPU\FisioPacerGPU\WriteOutput.cpp(449,18): warning C4996: 'fopen': This function or variable may be unsafe. Consider using fopen_s instead. To disable deprecation, use _CRT_SECURE_NO_WARNINGS. See online help for details.
     Criando biblioteca D:\Ricardo\OneDrive\Documentos\GitHub\FisioPacerGPU\FisioPacerGPU\x64\Release\FisioPacerGPU.lib e objeto D:\Ricardo\OneDrive\Documentos\GitHub\FisioPacerGPU\FisioPacerGPU\x64\Release\FisioPacerGPU.exp
LINK : warning LNK4098: defaultlib 'LIBCMT' conflita com uso de outras bibliotecas; use /NODEFAULTLIB:library
  Gerando código
  0 of 347 functions ( 0.0%) were compiled, the rest were copied from previous compilation.
    0 functions were new in current compilation
    0 functions had inline decision re-evaluated but remain unchanged
  Finalizada a geração de código
  FisioPacerGPU.vcxproj -> D:\Ricardo\OneDrive\Documentos\GitHub\FisioPacerGPU\FisioPacerGPU\x64\Release\FisioPacerGPU.exe
