  ReadMesh.cpp
D:\Ricardo\OneDrive\Documentos\GitHub\FisioPacerGPU\FisioPacerGPU\ReadMesh.cpp(613,9): warning C4996: 'strcpy': This function or variable may be unsafe. Consider using strcpy_s instead. To disable deprecation, use _CRT_SECURE_NO_WARNINGS. See online help for details.
D:\Ricardo\OneDrive\Documentos\GitHub\FisioPacerGPU\FisioPacerGPU\ReadMesh.cpp(615,9): warning C4996: 'strcpy': This function or variable may be unsafe. Consider using strcpy_s instead. To disable deprecation, use _CRT_SECURE_NO_WARNINGS. See online help for details.
  WriteOutput.cpp
D:\Ricardo\OneDrive\Documentos\GitHub\FisioPacerGPU\FisioPacerGPU\WriteOutput.cpp(39,5): warning C4996: 'sprintf': This function or variable may be unsafe. Consider using sprintf_s instead. To disable deprecation, use _CRT_SECURE_NO_WARNINGS. See online help for details.
D:\Ricardo\OneDrive\Documentos\GitHub\FisioPacerGPU\FisioPacerGPU\WriteOutput.cpp(40,18): warning C4996: 'fopen': This function or variable may be unsafe. Consider using fopen_s instead. To disable deprecation, use _CRT_SECURE_NO_WARNINGS. See online help for details.
D:\Ricardo\OneDrive\Documentos\GitHub\FisioPacerGPU\FisioPacerGPU\WriteOutput.cpp(111,16): warning C4244: '=': conversão de 'double' para 'float', possível perda de dados
D:\Ricardo\OneDrive\Documentos\GitHub\FisioPacerGPU\FisioPacerGPU\WriteOutput.cpp(61,5): warning C4996: 'sprintf': This function or variable may be unsafe. Consider using sprintf_s instead. To disable deprecation, use _CRT_SECURE_NO_WARNINGS. See online help for details.
D:\Ricardo\OneDrive\Documentos\GitHub\FisioPacerGPU\FisioPacerGPU\WriteOutput.cpp(64,18): warning C4996: 'fopen': This function or variable may be unsafe. Consider using fopen_s instead. To disable deprecation, use _CRT_SECURE_NO_WARNINGS. See online help for details.
D:\Ricardo\OneDrive\Documentos\GitHub\FisioPacerGPU\FisioPacerGPU\WriteOutput.cpp(151,5): warning C4996: 'sprintf': This function or variable may be unsafe. Consider using sprintf_s instead. To disable deprecation, use _CRT_SECURE_NO_WARNINGS. See online help for details.
D:\Ricardo\OneDrive\Documentos\GitHub\FisioPacerGPU\FisioPacerGPU\WriteOutput.cpp(152,18): warning C4996: 'fopen': This function or variable may be unsafe. Consider using fopen_s instead. To disable deprecation, use _CRT_SECURE_NO_WARNINGS. See online help for details.
D:\Ricardo\OneDrive\Documentos\GitHub\FisioPacerGPU\FisioPacerGPU\WriteOutput.cpp(193,5): warning C4996: 'sprintf': This function or variable may be unsafe. Consider using sprintf_s instead. To disable deprecation, use _CRT_SECURE_NO_WARNINGS. See online help for details.
D:\Ricardo\OneDrive\Documentos\GitHub\FisioPacerGPU\FisioPacerGPU\WriteOutput.cpp(195,18): warning C4996: 'fopen': This function or variable may be unsafe. Consider using fopen_s instead. To disable deprecation, use _CRT_SECURE_NO_WARNINGS. See online help for details.
D:\Ricardo\OneDrive\Documentos\GitHub\FisioPacerGPU\FisioPacerGPU\WriteOutput.cpp(360,28): warning C4244: '=': conversão de 'double' para 'float', possível perda de dados
D:\Ricardo\OneDrive\Documentos\GitHub\FisioPacerGPU\FisioPacerGPU\WriteOutput.cpp(273,5): warning C4996: 'sprintf': This function or variable may be unsafe. Consider using sprintf_s instead. To disable deprecation, use _CRT_SECURE_NO_WARNINGS. See online help for details.
D:\Ricardo\OneDrive\Documentos\GitHub\FisioPacerGPU\FisioPacerGPU\WriteOutput.cpp(275,18): warning C4996: 'fopen': This function or variable may be unsafe. Consider using fopen_s instead. To disable deprecation, use _CRT_SECURE_NO_WARNINGS. See online help for details.
D:\Ricardo\OneDrive\Documentos\GitHub\FisioPacerGPU\FisioPacerGPU\WriteOutput.cpp(502,21): warning C4244: '=': conversão de 'double' para 'float', possível perda de dados
D:\Ricardo\OneDrive\Documentos\GitHub\FisioPacerGPU\FisioPacerGPU\WriteOutput.cpp(503,45): warning C4244: '=': conversão de 'double' para 'float', possível perda de dados
D:\Ricardo\OneDrive\Documentos\GitHub\FisioPacerGPU\FisioPacerGPU\WriteOutput.cpp(447,5): warning C4996: 'sprintf': This function or variable may be unsafe. Consider using sprintf_s instead. To disable deprecation, use _CRT_SECURE_NO_WARNINGS. See online help for details.
D:\Ricardo\OneDrive\Documentos\GitHub\FisioPacerGPU\FisioPacerGPU\WriteOutput.cpp(449,18): warning C4996: 'fopen': This function or variable may be unsafe. Consider using fopen_s instead. To disable deprecation, use _CRT_SECURE_NO_WARNINGS. See online help for details.
  Gerando Código...
  FisioPacerGPU.vcxproj -> D:\Ricardo\OneDrive\Documentos\GitHub\FisioPacerGPU\FisioPacerGPU\x64\Debug\FisioPacerGPU.exe
